0 verbose cli /usr/local/bin/node /usr/local/bin/npm
1 info using npm@11.0.0
2 info using node@v20.18.2
3 silly config load:file:/usr/local/lib/node_modules/npm/npmrc
4 silly config load:file:/home/container/.npmrc
5 silly config load:file:/usr/local/etc/npmrc
6 verbose title npm install
7 verbose argv "install"
8 verbose logfile logs-max:10 dir:/home/container/.npm/_logs/2025-01-29T15_29_52_985Z-
9 verbose logfile /home/container/.npm/_logs/2025-01-29T15_29_52_985Z-debug-0.log
10 silly logfile start cleaning logs, removing 1 files
11 silly packumentCache heap:524812288 maxSize:131203072 maxEntrySize:65601536
12 silly logfile done cleaning log files
13 silly idealTree buildDeps
14 http fetch GET 200 https://registry.npmjs.org/npm 562ms
15 silly reify moves {}
16 silly audit bulk request {
16 silly audit   '@discordjs/builders': [ '1.8.2' ],
16 silly audit   '@discordjs/collection': [ '1.5.3', '2.1.0' ],
16 silly audit   '@discordjs/formatters': [ '0.4.0' ],
16 silly audit   '@discordjs/rest': [ '2.3.0' ],
16 silly audit   '@discordjs/util': [ '1.1.0' ],
16 silly audit   '@discordjs/ws': [ '1.1.1' ],
16 silly audit   '@sapphire/async-queue': [ '1.5.3' ],
16 silly audit   '@sapphire/shapeshift': [ '3.9.7' ],
16 silly audit   '@sapphire/snowflake': [ '3.5.3' ],
16 silly audit   '@types/node': [ '22.1.0' ],
16 silly audit   '@types/ws': [ '8.5.12' ],
16 silly audit   '@vladfrangu/async_event_emitter': [ '2.4.5' ],
16 silly audit   'ansi-colors': [ '4.1.3' ],
16 silly audit   'ansi-regex': [ '5.0.1' ],
16 silly audit   'ansi-styles': [ '4.3.0' ],
16 silly audit   anymatch: [ '3.1.3' ],
16 silly audit   argparse: [ '2.0.1' ],
16 silly audit   'assertion-error': [ '2.0.1' ],
16 silly audit   'balanced-match': [ '1.0.2' ],
16 silly audit   'binary-extensions': [ '2.3.0' ],
16 silly audit   'brace-expansion': [ '2.0.1' ],
16 silly audit   braces: [ '3.0.3' ],
16 silly audit   'browser-stdout': [ '1.3.1' ],
16 silly audit   camelcase: [ '6.3.0' ],
16 silly audit   chai: [ '5.1.1' ],
16 silly audit   chalk: [ '4.1.2' ],
16 silly audit   'supports-color': [ '7.2.0', '8.1.1' ],
16 silly audit   'check-error': [ '2.1.1' ],
16 silly audit   chokidar: [ '3.6.0' ],
16 silly audit   cliui: [ '7.0.4' ],
16 silly audit   'color-convert': [ '2.0.1' ],
16 silly audit   'color-name': [ '1.1.4' ],
16 silly audit   debug: [ '4.3.6' ],
16 silly audit   ms: [ '2.1.2', '2.1.3' ],
16 silly audit   decamelize: [ '4.0.0' ],
16 silly audit   'deep-eql': [ '5.0.2' ],
16 silly audit   diff: [ '5.2.0' ],
16 silly audit   'discord-api-types': [ '0.37.83' ],
16 silly audit   'discord.js': [ '14.15.3' ],
16 silly audit   dotenv: [ '16.4.5' ],
16 silly audit   'emoji-regex': [ '8.0.0' ],
16 silly audit   escalade: [ '3.1.2' ],
16 silly audit   'escape-string-regexp': [ '4.0.0' ],
16 silly audit   'fast-deep-equal': [ '3.1.3' ],
16 silly audit   'fill-range': [ '7.1.1' ],
16 silly audit   'find-up': [ '5.0.0' ],
16 silly audit   flat: [ '5.0.2' ],
16 silly audit   'fs.realpath': [ '1.0.0' ],
16 silly audit   fsevents: [ '2.3.3' ],
16 silly audit   'get-caller-file': [ '2.0.5' ],
16 silly audit   'get-func-name': [ '2.0.2' ],
16 silly audit   glob: [ '8.1.0' ],
16 silly audit   'glob-parent': [ '5.1.2' ],
16 silly audit   'has-flag': [ '4.0.0' ],
16 silly audit   he: [ '1.2.0' ],
16 silly audit   inflight: [ '1.0.6' ],
16 silly audit   inherits: [ '2.0.4' ],
16 silly audit   'is-binary-path': [ '2.1.0' ],
16 silly audit   'is-extglob': [ '2.1.1' ],
16 silly audit   'is-fullwidth-code-point': [ '3.0.0' ],
16 silly audit   'is-glob': [ '4.0.3' ],
16 silly audit   'is-number': [ '7.0.0' ],
16 silly audit   'is-plain-obj': [ '2.1.0' ],
16 silly audit   'is-unicode-supported': [ '0.1.0' ],
16 silly audit   'js-yaml': [ '4.1.0' ],
16 silly audit   'locate-path': [ '6.0.0' ],
16 silly audit   lodash: [ '4.17.21' ],
16 silly audit   'lodash.snakecase': [ '4.1.1' ],
16 silly audit   'log-symbols': [ '4.1.0' ],
16 silly audit   loupe: [ '3.1.1' ],
16 silly audit   'magic-bytes.js': [ '1.10.0' ],
16 silly audit   minimatch: [ '5.1.6' ],
16 silly audit   mocha: [ '10.7.0' ],
16 silly audit   'normalize-path': [ '3.0.0' ],
16 silly audit   once: [ '1.4.0' ],
16 silly audit   'p-limit': [ '3.1.0' ],
16 silly audit   'p-locate': [ '5.0.0' ],
16 silly audit   'path-exists': [ '4.0.0' ],
16 silly audit   pathval: [ '2.0.0' ],
16 silly audit   picomatch: [ '2.3.1' ],
16 silly audit   randombytes: [ '2.1.0' ],
16 silly audit   readdirp: [ '3.6.0' ],
16 silly audit   'require-directory': [ '2.1.1' ],
16 silly audit   'safe-buffer': [ '5.2.1' ],
16 silly audit   'serialize-javascript': [ '6.0.2' ],
16 silly audit   'string-width': [ '4.2.3' ],
16 silly audit   'strip-ansi': [ '6.0.1' ],
16 silly audit   'strip-json-comments': [ '3.1.1' ],
16 silly audit   'to-regex-range': [ '5.0.1' ],
16 silly audit   'ts-mixer': [ '6.0.4' ],
16 silly audit   tslib: [ '2.6.2' ],
16 silly audit   undici: [ '6.13.0' ],
16 silly audit   'undici-types': [ '6.13.0' ],
16 silly audit   workerpool: [ '6.5.1' ],
16 silly audit   'wrap-ansi': [ '7.0.0' ],
16 silly audit   wrappy: [ '1.0.2' ],
16 silly audit   ws: [ '8.18.0' ],
16 silly audit   y18n: [ '5.0.8' ],
16 silly audit   yargs: [ '16.2.0' ],
16 silly audit   'yargs-parser': [ '20.2.9' ],
16 silly audit   'yargs-unparser': [ '2.0.0' ],
16 silly audit   'yocto-queue': [ '0.1.0' ]
16 silly audit }
17 verbose reify failed optional dependency /home/container/node_modules/fsevents
18 silly reify mark deleted [ '/home/container/node_modules/fsevents' ]
19 http fetch POST 200 https://registry.npmjs.org/-/npm/v1/security/advisories/bulk 186ms
20 silly audit report {
20 silly audit report   undici: [
20 silly audit report     {
20 silly audit report       id: 1101609,
20 silly audit report       url: 'https://github.com/advisories/GHSA-c76h-2ccp-4975',
20 silly audit report       title: 'Use of Insufficiently Random Values in undici',
20 silly audit report       severity: 'moderate',
20 silly audit report       vulnerable_versions: '>=6.0.0 <6.21.1',
20 silly audit report       cwe: [Array],
20 silly audit report       cvss: [Object]
20 silly audit report     }
20 silly audit report   ]
20 silly audit report }
21 silly packumentCache corgi:https://registry.npmjs.org/undici cache-miss
22 http fetch GET 200 https://registry.npmjs.org/undici 112ms (cache updated)
23 silly packumentCache corgi:https://registry.npmjs.org/undici set size:undefined disposed:false
24 silly packumentCache corgi:https://registry.npmjs.org/@discordjs%2frest cache-miss
25 silly packumentCache corgi:https://registry.npmjs.org/discord.js cache-miss
26 http fetch GET 200 https://registry.npmjs.org/discord.js 345ms (cache updated)
27 silly packumentCache corgi:https://registry.npmjs.org/discord.js set size:undefined disposed:false
28 http fetch GET 200 https://registry.npmjs.org/@discordjs%2frest 612ms (cache updated)
29 silly packumentCache corgi:https://registry.npmjs.org/@discordjs%2frest set size:undefined disposed:false
30 silly packumentCache corgi:https://registry.npmjs.org/@discordjs%2fws cache-miss
31 http fetch GET 200 https://registry.npmjs.org/@discordjs%2fws 1028ms (cache updated)
32 silly packumentCache corgi:https://registry.npmjs.org/@discordjs%2fws set size:undefined disposed:false
33 silly ADD
34 verbose cwd /home/container
35 verbose os Linux 5.4.0-204-generic
36 verbose node v20.18.2
37 verbose npm  v11.0.0
38 verbose exit 0
39 info ok
